<?xml version="1.0" encoding="UTF-8"?>
<!-- Generated by org.testng.reporters.JUnitXMLReporter -->
<testsuite ignored="0" hostname="DESKTOP-BJ01NN1" failures="1" tests="3" name="Simple Logger test" time="0.031" errors="0" timestamp="05 Feb 2019 20:40:42 GMT">
  <testcase classname="test.SampleTest" name="testMethodTwo" time="0.0">
    <failure type="java.lang.AssertionError" message="expected [true] but found [false]">
      <![CDATA[java.lang.AssertionError: expected [true] but found [false]
at test.SampleTest.testMethodTwo(SampleTest.java:15)
... Removed 29 stack frames]]>
    </failure>
  </testcase> <!-- testMethodTwo -->
  <testcase classname="test.SampleTest" name="testMethodOne" time="0.016"/>
  <testcase classname="test.SampleTest" name="testMethodThree" time="0.0">
    <skipped/>
  </testcase> <!-- testMethodThree -->
</testsuite> <!-- Simple Logger test -->
